0 info it worked if it ends with ok
1 verbose cli [ '/usr/local/n/versions/node/9.4.0/bin/node',
1 verbose cli   '/usr/bin/npm',
1 verbose cli   'install',
1 verbose cli   '-g',
1 verbose cli   'npm@next' ]
2 info using npm@3.5.2
3 info using node@v9.4.0
4 verbose stack Error: Cannot find module 'ansi'
4 verbose stack     at Function.Module._resolveFilename (module.js:555:15)
4 verbose stack     at Function.Module._load (module.js:482:25)
4 verbose stack     at Module.require (module.js:604:17)
4 verbose stack     at require (internal/module.js:11:18)
4 verbose stack     at Object.<anonymous> (/usr/share/npm/lib/ls.js:15:13)
4 verbose stack     at Module._compile (module.js:660:30)
4 verbose stack     at Object.Module._extensions..js (module.js:671:10)
4 verbose stack     at Module.load (module.js:573:32)
4 verbose stack     at tryModuleLoad (module.js:513:12)
4 verbose stack     at Function.Module._load (module.js:505:3)
5 verbose cwd /home/techiestown/nodejs/projects/DEMO/MVC STRUCTURE BLACK THEME
6 error Linux 4.13.0-26-generic
7 error argv "/usr/local/n/versions/node/9.4.0/bin/node" "/usr/bin/npm" "install" "-g" "npm@next"
8 error node v9.4.0
9 error npm  v3.5.2
10 error code MODULE_NOT_FOUND
11 error Cannot find module 'ansi'
12 error If you need help, you may report this error at:
12 error     <https://github.com/npm/npm/issues>
13 verbose exit [ 1, true ]
